<?xml version="1.0" encoding="utf-8" standalone="no"?>
<test-results xmlns:xsi="http://www.w3.org/2001/XMLSchema-instance" xsi:noNamespaceSchemaLocation="nunit_schema_2.5.xsd" name="Pester" total="5" errors="0" failures="0" not-run="0" inconclusive="0" ignored="0" skipped="0" invalid="0" date="2026-09-22" time="17:13:42">
  <environment os-version="10.0.26200" user-domain="THINKBOOK" clr-version="10.0.12" user="SpecterShell" cwd="C:\Users\SpecterShell\Repository\Dumplings" platform="Microsoft Windows 11 Pro|C:\WINDOWS|\Device\Harddisk1\Partition3" nunit-version="2.5.8.0" machine-name="THINKBOOK" />
  <culture-info current-culture="zh-CN" current-uiculture="en-US" />
  <test-suite type="TestFixture" name="Pester" executed="True" result="Success" success="True" time="2.207" asserts="0" description="Pester">
    <results>
      <test-suite type="TestFixture" name="C:\Users\SpecterShell\Repository\Dumplings\Modules\PackageModule\Tests\Infrastructure\InstallerInfrastructure.Parity.Tests.ps1" executed="True" result="Success" success="True" time="2.207" asserts="0" description="C:\Users\SpecterShell\Repository\Dumplings\Modules\PackageModule\Tests\Infrastructure\InstallerInfrastructure.Parity.Tests.ps1">
        <results>
          <test-suite type="TestFixture" name="Shared installer infrastructure parity" executed="True" result="Success" success="True" time="1.3588" asserts="0" description="Shared installer infrastructure parity">
            <results>
              <test-case description="keeps common sources and archive assets byte-identical" name="Shared installer infrastructure parity.keeps common sources and archive assets byte-identical" time="0.079" asserts="0" success="True" result="Success" executed="True" />
              <test-case description="loads process-wide C# types safely from concurrent runspaces" name="Shared installer infrastructure parity.loads process-wide C# types safely from concurrent runspaces" time="0.8874" asserts="0" success="True" result="Success" executed="True" />
              <test-case description="compiles a related managed source set once under concurrent calls" name="Shared installer infrastructure parity.compiles a related managed source set once under concurrent calls" time="0.219" asserts="0" success="True" result="Success" executed="True" />
              <test-case description="prevents parser-local whole-file buffers and decoder constructors" name="Shared installer infrastructure parity.prevents parser-local whole-file buffers and decoder constructors" time="0.14" asserts="0" success="True" result="Success" executed="True" />
            </results>
          </test-suite>
          <test-suite type="TestFixture" name="Aggregate parser result ownership" executed="True" result="Success" success="True" time="1.4002" asserts="0" description="Aggregate parser result ownership">
            <results>
              <test-case description="keeps canonical result construction in format parsers" name="Aggregate parser result ownership.keeps canonical result construction in format parsers" time="0.0357" asserts="0" success="True" result="Success" executed="True" />
            </results>
          </test-suite>
        </results>
      </test-suite>
    </results>
  </test-suite>
</test-results>